{"C:\\Users\\basti\\OneDrive\\Bureau\\Node2\\again\\src\\index.ts": {"path":"C:\\Users\\basti\\OneDrive\\Bureau\\Node2\\again\\src\\index.ts","statementMap":{"0":{"start":{"line":1,"column":0},"end":{"line":1,"column":65}},"1":{"start":{"line":2,"column":0},"end":{"line":2,"column":50}},"2":{"start":{"line":4,"column":12},"end":{"line":4,"column":21}},"3":{"start":{"line":6,"column":0},"end":{"line":6,"column":24}},"4":{"start":{"line":8,"column":0},"end":{"line":15,"column":3}},"5":{"start":{"line":9,"column":2},"end":{"line":9,"column":55}},"6":{"start":{"line":10,"column":2},"end":{"line":13,"column":null}},"7":{"start":{"line":12,"column":4},"end":{"line":12,"column":59}},"8":{"start":{"line":14,"column":2},"end":{"line":14,"column":65}},"9":{"start":{"line":17,"column":0},"end":{"line":21,"column":3}},"10":{"start":{"line":18,"column":23},"end":{"line":18,"column":45}},"11":{"start":{"line":19,"column":23},"end":{"line":19,"column":45}},"12":{"start":{"line":20,"column":4},"end":{"line":20,"column":null}},"13":{"start":{"line":23,"column":0},"end":{"line":23,"column":29}},"14":{"start":{"line":25,"column":22},"end":{"line":35,"column":1}},"15":{"start":{"line":26,"column":15},"end":{"line":26,"column":32}},"16":{"start":{"line":28,"column":2},"end":{"line":30,"column":null}},"17":{"start":{"line":29,"column":4},"end":{"line":29,"column":15}},"18":{"start":{"line":31,"column":2},"end":{"line":33,"column":null}},"19":{"start":{"line":32,"column":4},"end":{"line":32,"column":16}},"20":{"start":{"line":34,"column":2},"end":{"line":34,"column":15}},"21":{"start":{"line":36,"column":13},"end":{"line":36,"column":54}},"22":{"start":{"line":37,"column":0},"end":{"line":37,"column":22}},"23":{"start":{"line":39,"column":13},"end":{"line":39,"column":39}},"24":{"start":{"line":41,"column":21},"end":{"line":59,"column":1}},"25":{"start":{"line":42,"column":2},"end":{"line":44,"column":null}},"26":{"start":{"line":43,"column":4},"end":{"line":43,"column":16}},"27":{"start":{"line":45,"column":18},"end":{"line":45,"column":34}},"28":{"start":{"line":46,"column":15},"end":{"line":46,"column":80}},"29":{"start":{"line":47,"column":2},"end":{"line":58,"column":null}},"30":{"start":{"line":49,"column":6},"end":{"line":49,"column":61}},"31":{"start":{"line":50,"column":6},"end":{"line":50,"column":22}},"32":{"start":{"line":51,"column":6},"end":{"line":51,"column":12}},"33":{"start":{"line":53,"column":6},"end":{"line":53,"column":50}},"34":{"start":{"line":54,"column":6},"end":{"line":54,"column":22}},"35":{"start":{"line":55,"column":6},"end":{"line":55,"column":12}},"36":{"start":{"line":57,"column":6},"end":{"line":57,"column":18}},"37":{"start":{"line":61,"column":0},"end":{"line":61,"column":33}}},"fnMap":{"0":{"name":"(anonymous_1)","decl":{"start":{"line":8,"column":8},"end":{"line":8,"column":9}},"loc":{"start":{"line":8,"column":70},"end":{"line":15,"column":1}}},"1":{"name":"(anonymous_2)","decl":{"start":{"line":17,"column":12},"end":{"line":17,"column":13}},"loc":{"start":{"line":17,"column":23},"end":{"line":21,"column":1}}},"2":{"name":"(anonymous_3)","decl":{"start":{"line":25,"column":22},"end":{"line":25,"column":23}},"loc":{"start":{"line":25,"column":35},"end":{"line":35,"column":1}}},"3":{"name":"(anonymous_4)","decl":{"start":{"line":41,"column":21},"end":{"line":41,"column":22}},"loc":{"start":{"line":41,"column":36},"end":{"line":59,"column":1}}}},"branchMap":{"0":{"loc":{"start":{"line":10,"column":2},"end":{"line":13,"column":null}},"type":"if","locations":[{"start":{"line":10,"column":2},"end":{"line":13,"column":null}}]},"1":{"loc":{"start":{"line":28,"column":2},"end":{"line":30,"column":null}},"type":"if","locations":[{"start":{"line":28,"column":2},"end":{"line":30,"column":null}}]},"2":{"loc":{"start":{"line":31,"column":2},"end":{"line":33,"column":null}},"type":"if","locations":[{"start":{"line":31,"column":2},"end":{"line":33,"column":null}}]},"3":{"loc":{"start":{"line":36,"column":27},"end":{"line":36,"column":53}},"type":"binary-expr","locations":[{"start":{"line":36,"column":27},"end":{"line":36,"column":43}},{"start":{"line":36,"column":47},"end":{"line":36,"column":53}}]},"4":{"loc":{"start":{"line":42,"column":2},"end":{"line":44,"column":null}},"type":"if","locations":[{"start":{"line":42,"column":2},"end":{"line":44,"column":null}}]},"5":{"loc":{"start":{"line":46,"column":15},"end":{"line":46,"column":80}},"type":"cond-expr","locations":[{"start":{"line":46,"column":45},"end":{"line":46,"column":62}},{"start":{"line":46,"column":65},"end":{"line":46,"column":80}}]},"6":{"loc":{"start":{"line":47,"column":2},"end":{"line":58,"column":null}},"type":"switch","locations":[{"start":{"line":48,"column":4},"end":{"line":51,"column":12}},{"start":{"line":52,"column":4},"end":{"line":55,"column":12}},{"start":{"line":56,"column":4},"end":{"line":57,"column":18}}]}},"s":{"0":0,"1":0,"2":0,"3":0,"4":0,"5":0,"6":0,"7":0,"8":0,"9":0,"10":0,"11":0,"12":0,"13":0,"14":0,"15":0,"16":0,"17":0,"18":0,"19":0,"20":0,"21":0,"22":0,"23":0,"24":0,"25":0,"26":0,"27":0,"28":0,"29":0,"30":0,"31":0,"32":0,"33":0,"34":0,"35":0,"36":0,"37":0},"f":{"0":0,"1":0,"2":0,"3":0},"b":{"0":[0],"1":[0],"2":[0],"3":[0,0],"4":[0],"5":[0,0],"6":[0,0,0]}}
,"C:\\Users\\basti\\OneDrive\\Bureau\\Node2\\again\\src\\controllers\\createPromoCodeController.ts": {"path":"C:\\Users\\basti\\OneDrive\\Bureau\\Node2\\again\\src\\controllers\\createPromoCodeController.ts","statementMap":{"0":{"start":{"line":2,"column":0},"end":{"line":2,"column":75}},"1":{"start":{"line":4,"column":34},"end":{"line":14,"column":1}},"2":{"start":{"line":5,"column":2},"end":{"line":13,"column":null}},"3":{"start":{"line":6,"column":44},"end":{"line":6,"column":52}},"4":{"start":{"line":7,"column":4},"end":{"line":7,"column":84}},"5":{"start":{"line":7,"column":28},"end":{"line":7,"column":84}},"6":{"start":{"line":8,"column":25},"end":{"line":8,"column":81}},"7":{"start":{"line":10,"column":4},"end":{"line":10,"column":65}},"8":{"start":{"line":12,"column":4},"end":{"line":12,"column":55}},"9":{"start":{"line":16,"column":0},"end":{"line":16,"column":41}}},"fnMap":{"0":{"name":"(anonymous_1)","decl":{"start":{"line":4,"column":34},"end":{"line":4,"column":35}},"loc":{"start":{"line":4,"column":77},"end":{"line":14,"column":1}}}},"branchMap":{"0":{"loc":{"start":{"line":7,"column":4},"end":{"line":7,"column":84}},"type":"if","locations":[{"start":{"line":7,"column":4},"end":{"line":7,"column":84}}]},"1":{"loc":{"start":{"line":7,"column":8},"end":{"line":7,"column":26}},"type":"binary-expr","locations":[{"start":{"line":7,"column":8},"end":{"line":7,"column":13}},{"start":{"line":7,"column":17},"end":{"line":7,"column":26}}]}},"s":{"0":0,"1":0,"2":0,"3":0,"4":0,"5":0,"6":0,"7":0,"8":0,"9":0},"f":{"0":0},"b":{"0":[0],"1":[0,0]}}
,"C:\\Users\\basti\\OneDrive\\Bureau\\Node2\\again\\src\\controllers\\validatePromoCodeController.ts": {"path":"C:\\Users\\basti\\OneDrive\\Bureau\\Node2\\again\\src\\controllers\\validatePromoCodeController.ts","statementMap":{"0":{"start":{"line":2,"column":0},"end":{"line":2,"column":79}},"1":{"start":{"line":3,"column":0},"end":{"line":3,"column":75}},"2":{"start":{"line":5,"column":36},"end":{"line":23,"column":2}},"3":{"start":{"line":5,"column":94},"end":{"line":23,"column":2}},"4":{"start":{"line":6,"column":2},"end":{"line":22,"column":null}},"5":{"start":{"line":7,"column":53},"end":{"line":7,"column":61}},"6":{"start":{"line":8,"column":29},"end":{"line":8,"column":44}},"7":{"start":{"line":11,"column":31},"end":{"line":11,"column":60}},"8":{"start":{"line":12,"column":4},"end":{"line":12,"column":86}},"9":{"start":{"line":12,"column":29},"end":{"line":12,"column":86}},"10":{"start":{"line":15,"column":23},"end":{"line":15,"column":105}},"11":{"start":{"line":17,"column":4},"end":{"line":17,"column":71}},"12":{"start":{"line":17,"column":20},"end":{"line":17,"column":71}},"13":{"start":{"line":19,"column":4},"end":{"line":19,"column":61}},"14":{"start":{"line":21,"column":4},"end":{"line":21,"column":74}},"15":{"start":{"line":25,"column":0},"end":{"line":25,"column":43}}},"fnMap":{"0":{"name":"(anonymous_8)","decl":{"start":{"line":5,"column":36},"end":{"line":5,"column":43}},"loc":{"start":{"line":5,"column":94},"end":{"line":23,"column":2}}},"1":{"name":"(anonymous_9)","decl":{"start":{"line":5,"column":94},"end":{"line":5,"column":null}},"loc":{"start":{"line":5,"column":94},"end":{"line":23,"column":1}}}},"branchMap":{"0":{"loc":{"start":{"line":8,"column":29},"end":{"line":8,"column":44}},"type":"cond-expr","locations":[{"start":{"line":8,"column":38},"end":{"line":8,"column":40}},{"start":{"line":8,"column":29},"end":{"line":8,"column":44}}]},"1":{"loc":{"start":{"line":8,"column":29},"end":{"line":8,"column":40}},"type":"binary-expr","locations":[{"start":{"line":8,"column":29},"end":{"line":8,"column":40}},{"start":{"line":8,"column":29},"end":{"line":8,"column":40}}]},"2":{"loc":{"start":{"line":12,"column":4},"end":{"line":12,"column":86}},"type":"if","locations":[{"start":{"line":12,"column":4},"end":{"line":12,"column":86}}]},"3":{"loc":{"start":{"line":17,"column":4},"end":{"line":17,"column":71}},"type":"if","locations":[{"start":{"line":17,"column":4},"end":{"line":17,"column":71}}]}},"s":{"0":0,"1":0,"2":0,"3":0,"4":0,"5":0,"6":0,"7":0,"8":0,"9":0,"10":0,"11":0,"12":0,"13":0,"14":0,"15":0},"f":{"0":0,"1":0},"b":{"0":[0,0],"1":[0,0],"2":[0],"3":[0]}}
,"C:\\Users\\basti\\OneDrive\\Bureau\\Node2\\again\\src\\functions\\createPromoCodeFunction.ts": {"path":"C:\\Users\\basti\\OneDrive\\Bureau\\Node2\\again\\src\\functions\\createPromoCodeFunction.ts","statementMap":{"0":{"start":{"line":1,"column":0},"end":{"line":1,"column":46}},"1":{"start":{"line":4,"column":32},"end":{"line":12,"column":1}},"2":{"start":{"line":5,"column":25},"end":{"line":9,"column":null}},"3":{"start":{"line":10,"column":4},"end":{"line":10,"column":34}},"4":{"start":{"line":11,"column":4},"end":{"line":11,"column":22}},"5":{"start":{"line":14,"column":0},"end":{"line":14,"column":39}}},"fnMap":{"0":{"name":"(anonymous_1)","decl":{"start":{"line":4,"column":32},"end":{"line":4,"column":33}},"loc":{"start":{"line":4,"column":96},"end":{"line":12,"column":1}}}},"branchMap":{},"s":{"0":0,"1":0,"2":0,"3":0,"4":0,"5":0},"f":{"0":0},"b":{}}
,"C:\\Users\\basti\\OneDrive\\Bureau\\Node2\\again\\src\\functions\\existsPromoCodeFunction.ts": {"path":"C:\\Users\\basti\\OneDrive\\Bureau\\Node2\\again\\src\\functions\\existsPromoCodeFunction.ts","statementMap":{"0":{"start":{"line":2,"column":0},"end":{"line":2,"column":46}},"1":{"start":{"line":5,"column":32},"end":{"line":7,"column":1}},"2":{"start":{"line":6,"column":4},"end":{"line":6,"column":72}},"3":{"start":{"line":6,"column":44},"end":{"line":6,"column":67}},"4":{"start":{"line":8,"column":0},"end":{"line":8,"column":39}}},"fnMap":{"0":{"name":"(anonymous_1)","decl":{"start":{"line":5,"column":32},"end":{"line":5,"column":33}},"loc":{"start":{"line":5,"column":62},"end":{"line":7,"column":1}}},"1":{"name":"(anonymous_2)","decl":{"start":{"line":6,"column":29},"end":{"line":6,"column":30}},"loc":{"start":{"line":6,"column":44},"end":{"line":6,"column":67}}}},"branchMap":{},"s":{"0":0,"1":0,"2":0,"3":0,"4":0},"f":{"0":0,"1":0},"b":{}}
,"C:\\Users\\basti\\OneDrive\\Bureau\\Node2\\again\\src\\functions\\validatePromoCodeFunction.ts": {"path":"C:\\Users\\basti\\OneDrive\\Bureau\\Node2\\again\\src\\functions\\validatePromoCodeFunction.ts","statementMap":{"0":{"start":{"line":2,"column":0},"end":{"line":2,"column":49}},"1":{"start":{"line":3,"column":0},"end":{"line":3,"column":47}},"2":{"start":{"line":4,"column":0},"end":{"line":4,"column":51}},"3":{"start":{"line":5,"column":0},"end":{"line":5,"column":46}},"4":{"start":{"line":7,"column":34},"end":{"line":42,"column":2}},"5":{"start":{"line":7,"column":117},"end":{"line":42,"column":2}},"6":{"start":{"line":9,"column":15},"end":{"line":9,"column":17}},"7":{"start":{"line":11,"column":2},"end":{"line":40,"column":null}},"8":{"start":{"line":12,"column":4},"end":{"line":39,"column":null}},"9":{"start":{"line":14,"column":6},"end":{"line":17,"column":null}},"10":{"start":{"line":15,"column":26},"end":{"line":15,"column":56}},"11":{"start":{"line":16,"column":8},"end":{"line":16,"column":56}},"12":{"start":{"line":16,"column":24},"end":{"line":16,"column":56}},"13":{"start":{"line":19,"column":6},"end":{"line":22,"column":null}},"14":{"start":{"line":20,"column":25},"end":{"line":20,"column":63}},"15":{"start":{"line":21,"column":8},"end":{"line":21,"column":71}},"16":{"start":{"line":21,"column":23},"end":{"line":21,"column":71}},"17":{"start":{"line":24,"column":6},"end":{"line":31,"column":null}},"18":{"start":{"line":25,"column":8},"end":{"line":25,"column":59}},"19":{"start":{"line":25,"column":23},"end":{"line":25,"column":59}},"20":{"start":{"line":27,"column":26},"end":{"line":27,"column":75}},"21":{"start":{"line":28,"column":27},"end":{"line":28,"column":69}},"22":{"start":{"line":30,"column":8},"end":{"line":30,"column":75}},"23":{"start":{"line":30,"column":25},"end":{"line":30,"column":75}},"24":{"start":{"line":33,"column":6},"end":{"line":36,"column":null}},"25":{"start":{"line":34,"column":29},"end":{"line":34,"column":98}},"26":{"start":{"line":35,"column":8},"end":{"line":35,"column":39}},"27":{"start":{"line":35,"column":27},"end":{"line":35,"column":39}},"28":{"start":{"line":38,"column":6},"end":{"line":38,"column":116}},"29":{"start":{"line":38,"column":37},"end":{"line":38,"column":116}},"30":{"start":{"line":41,"column":2},"end":{"line":41,"column":16}},"31":{"start":{"line":43,"column":0},"end":{"line":43,"column":41}}},"fnMap":{"0":{"name":"(anonymous_8)","decl":{"start":{"line":7,"column":34},"end":{"line":7,"column":41}},"loc":{"start":{"line":7,"column":117},"end":{"line":42,"column":2}}},"1":{"name":"(anonymous_9)","decl":{"start":{"line":7,"column":117},"end":{"line":7,"column":null}},"loc":{"start":{"line":7,"column":117},"end":{"line":42,"column":1}}}},"branchMap":{"0":{"loc":{"start":{"line":14,"column":6},"end":{"line":17,"column":null}},"type":"if","locations":[{"start":{"line":14,"column":6},"end":{"line":17,"column":null}}]},"1":{"loc":{"start":{"line":14,"column":10},"end":{"line":14,"column":36}},"type":"binary-expr","locations":[{"start":{"line":14,"column":10},"end":{"line":14,"column":25}},{"start":{"line":14,"column":29},"end":{"line":14,"column":36}}]},"2":{"loc":{"start":{"line":16,"column":8},"end":{"line":16,"column":56}},"type":"if","locations":[{"start":{"line":16,"column":8},"end":{"line":16,"column":56}}]},"3":{"loc":{"start":{"line":19,"column":6},"end":{"line":22,"column":null}},"type":"if","locations":[{"start":{"line":19,"column":6},"end":{"line":22,"column":null}}]},"4":{"loc":{"start":{"line":19,"column":10},"end":{"line":19,"column":35}},"type":"binary-expr","locations":[{"start":{"line":19,"column":10},"end":{"line":19,"column":24}},{"start":{"line":19,"column":28},"end":{"line":19,"column":35}}]},"5":{"loc":{"start":{"line":21,"column":8},"end":{"line":21,"column":71}},"type":"if","locations":[{"start":{"line":21,"column":8},"end":{"line":21,"column":71}}]},"6":{"loc":{"start":{"line":24,"column":6},"end":{"line":31,"column":null}},"type":"if","locations":[{"start":{"line":24,"column":6},"end":{"line":31,"column":null}}]},"7":{"loc":{"start":{"line":24,"column":10},"end":{"line":24,"column":37}},"type":"binary-expr","locations":[{"start":{"line":24,"column":10},"end":{"line":24,"column":26}},{"start":{"line":24,"column":30},"end":{"line":24,"column":37}}]},"8":{"loc":{"start":{"line":25,"column":8},"end":{"line":25,"column":59}},"type":"if","locations":[{"start":{"line":25,"column":8},"end":{"line":25,"column":59}}]},"9":{"loc":{"start":{"line":30,"column":8},"end":{"line":30,"column":75}},"type":"if","locations":[{"start":{"line":30,"column":8},"end":{"line":30,"column":75}}]},"10":{"loc":{"start":{"line":33,"column":6},"end":{"line":36,"column":null}},"type":"if","locations":[{"start":{"line":33,"column":6},"end":{"line":36,"column":null}}]},"11":{"loc":{"start":{"line":35,"column":8},"end":{"line":35,"column":39}},"type":"if","locations":[{"start":{"line":35,"column":8},"end":{"line":35,"column":39}}]},"12":{"loc":{"start":{"line":38,"column":6},"end":{"line":38,"column":116}},"type":"if","locations":[{"start":{"line":38,"column":6},"end":{"line":38,"column":116}}]},"13":{"loc":{"start":{"line":38,"column":10},"end":{"line":38,"column":35}},"type":"binary-expr","locations":[{"start":{"line":38,"column":10},"end":{"line":38,"column":24}},{"start":{"line":38,"column":28},"end":{"line":38,"column":35}}]}},"s":{"0":0,"1":0,"2":0,"3":0,"4":0,"5":0,"6":0,"7":0,"8":0,"9":0,"10":0,"11":0,"12":0,"13":0,"14":0,"15":0,"16":0,"17":0,"18":0,"19":0,"20":0,"21":0,"22":0,"23":0,"24":0,"25":0,"26":0,"27":0,"28":0,"29":0,"30":0,"31":0},"f":{"0":0,"1":0},"b":{"0":[0],"1":[0,0],"2":[0],"3":[0],"4":[0,0],"5":[0],"6":[0],"7":[0,0],"8":[0],"9":[0],"10":[0],"11":[0],"12":[0],"13":[0,0]}}
,"C:\\Users\\basti\\OneDrive\\Bureau\\Node2\\again\\src\\functions\\controls\\ageControl.ts": {"path":"C:\\Users\\basti\\OneDrive\\Bureau\\Node2\\again\\src\\functions\\controls\\ageControl.ts","statementMap":{"0":{"start":{"line":2,"column":0},"end":{"line":2,"column":37}},"1":{"start":{"line":3,"column":19},"end":{"line":7,"column":1}},"2":{"start":{"line":4,"column":23},"end":{"line":4,"column":55}},"3":{"start":{"line":5,"column":4},"end":{"line":5,"column":34}},"4":{"start":{"line":5,"column":21},"end":{"line":5,"column":34}},"5":{"start":{"line":6,"column":4},"end":{"line":6,"column":16}},"6":{"start":{"line":9,"column":0},"end":{"line":9,"column":26}}},"fnMap":{"0":{"name":"(anonymous_1)","decl":{"start":{"line":3,"column":19},"end":{"line":3,"column":20}},"loc":{"start":{"line":3,"column":76},"end":{"line":7,"column":1}}}},"branchMap":{"0":{"loc":{"start":{"line":5,"column":4},"end":{"line":5,"column":34}},"type":"if","locations":[{"start":{"line":5,"column":4},"end":{"line":5,"column":34}}]}},"s":{"0":0,"1":0,"2":0,"3":0,"4":0,"5":0,"6":0},"f":{"0":0},"b":{"0":[0]}}
,"C:\\Users\\basti\\OneDrive\\Bureau\\Node2\\again\\src\\functions\\controls\\dateControl.ts": {"path":"C:\\Users\\basti\\OneDrive\\Bureau\\Node2\\again\\src\\functions\\controls\\dateControl.ts","statementMap":{"0":{"start":{"line":1,"column":20},"end":{"line":15,"column":1}},"1":{"start":{"line":3,"column":16},"end":{"line":3,"column":48}},"2":{"start":{"line":4,"column":17},"end":{"line":4,"column":50}},"3":{"start":{"line":5,"column":16},"end":{"line":5,"column":26}},"4":{"start":{"line":7,"column":4},"end":{"line":9,"column":null}},"5":{"start":{"line":8,"column":6},"end":{"line":8,"column":19}},"6":{"start":{"line":10,"column":4},"end":{"line":12,"column":null}},"7":{"start":{"line":11,"column":6},"end":{"line":11,"column":19}},"8":{"start":{"line":14,"column":2},"end":{"line":14,"column":14}},"9":{"start":{"line":17,"column":0},"end":{"line":17,"column":27}}},"fnMap":{"0":{"name":"(anonymous_0)","decl":{"start":{"line":1,"column":20},"end":{"line":1,"column":21}},"loc":{"start":{"line":1,"column":81},"end":{"line":15,"column":1}}}},"branchMap":{"0":{"loc":{"start":{"line":7,"column":4},"end":{"line":9,"column":null}},"type":"if","locations":[{"start":{"line":7,"column":4},"end":{"line":9,"column":null}}]},"1":{"loc":{"start":{"line":10,"column":4},"end":{"line":12,"column":null}},"type":"if","locations":[{"start":{"line":10,"column":4},"end":{"line":12,"column":null}}]}},"s":{"0":0,"1":0,"2":0,"3":0,"4":0,"5":0,"6":0,"7":0,"8":0,"9":0},"f":{"0":0},"b":{"0":[0],"1":[0]}}
,"C:\\Users\\basti\\OneDrive\\Bureau\\Node2\\again\\src\\functions\\controls\\meteoControl.ts": {"path":"C:\\Users\\basti\\OneDrive\\Bureau\\Node2\\again\\src\\functions\\controls\\meteoControl.ts","statementMap":{"0":{"start":{"line":2,"column":0},"end":{"line":2,"column":28}},"1":{"start":{"line":3,"column":0},"end":{"line":3,"column":37}},"2":{"start":{"line":5,"column":0},"end":{"line":5,"column":16}},"3":{"start":{"line":7,"column":21},"end":{"line":13,"column":1}},"4":{"start":{"line":9,"column":22},"end":{"line":9,"column":62}},"5":{"start":{"line":11,"column":2},"end":{"line":11,"column":100}},"6":{"start":{"line":11,"column":87},"end":{"line":11,"column":100}},"7":{"start":{"line":12,"column":2},"end":{"line":12,"column":14}},"8":{"start":{"line":15,"column":0},"end":{"line":15,"column":28}}},"fnMap":{"0":{"name":"(anonymous_1)","decl":{"start":{"line":7,"column":21},"end":{"line":7,"column":22}},"loc":{"start":{"line":7,"column":138},"end":{"line":13,"column":1}}}},"branchMap":{"0":{"loc":{"start":{"line":11,"column":2},"end":{"line":11,"column":100}},"type":"if","locations":[{"start":{"line":11,"column":2},"end":{"line":11,"column":100}}]},"1":{"loc":{"start":{"line":11,"column":6},"end":{"line":11,"column":85}},"type":"binary-expr","locations":[{"start":{"line":11,"column":6},"end":{"line":11,"column":69}},{"start":{"line":11,"column":73},"end":{"line":11,"column":85}}]}},"s":{"0":0,"1":0,"2":0,"3":0,"4":0,"5":0,"6":0,"7":0,"8":0},"f":{"0":0},"b":{"0":[0],"1":[0,0]}}
,"C:\\Users\\basti\\OneDrive\\Bureau\\Node2\\again\\src\\functions\\lib\\control.ts": {"path":"C:\\Users\\basti\\OneDrive\\Bureau\\Node2\\again\\src\\functions\\lib\\control.ts","statementMap":{"0":{"start":{"line":2,"column":23},"end":{"line":7,"column":1}},"1":{"start":{"line":3,"column":2},"end":{"line":3,"column":87}},"2":{"start":{"line":3,"column":74},"end":{"line":3,"column":87}},"3":{"start":{"line":4,"column":2},"end":{"line":4,"column":85}},"4":{"start":{"line":4,"column":72},"end":{"line":4,"column":85}},"5":{"start":{"line":5,"column":2},"end":{"line":5,"column":85}},"6":{"start":{"line":5,"column":72},"end":{"line":5,"column":85}},"7":{"start":{"line":6,"column":2},"end":{"line":6,"column":14}},"8":{"start":{"line":2,"column":13},"end":{"line":2,"column":23}},"9":{"start":{"line":9,"column":0},"end":{"line":9,"column":23}}},"fnMap":{"0":{"name":"(anonymous_0)","decl":{"start":{"line":2,"column":23},"end":{"line":2,"column":24}},"loc":{"start":{"line":2,"column":84},"end":{"line":7,"column":1}}}},"branchMap":{"0":{"loc":{"start":{"line":3,"column":2},"end":{"line":3,"column":87}},"type":"if","locations":[{"start":{"line":3,"column":2},"end":{"line":3,"column":87}}]},"1":{"loc":{"start":{"line":3,"column":6},"end":{"line":3,"column":72}},"type":"binary-expr","locations":[{"start":{"line":3,"column":6},"end":{"line":3,"column":27}},{"start":{"line":3,"column":31},"end":{"line":3,"column":72}}]},"2":{"loc":{"start":{"line":4,"column":2},"end":{"line":4,"column":85}},"type":"if","locations":[{"start":{"line":4,"column":2},"end":{"line":4,"column":85}}]},"3":{"loc":{"start":{"line":4,"column":6},"end":{"line":4,"column":70}},"type":"binary-expr","locations":[{"start":{"line":4,"column":6},"end":{"line":4,"column":27}},{"start":{"line":4,"column":31},"end":{"line":4,"column":70}}]},"4":{"loc":{"start":{"line":5,"column":2},"end":{"line":5,"column":85}},"type":"if","locations":[{"start":{"line":5,"column":2},"end":{"line":5,"column":85}}]},"5":{"loc":{"start":{"line":5,"column":6},"end":{"line":5,"column":70}},"type":"binary-expr","locations":[{"start":{"line":5,"column":6},"end":{"line":5,"column":27}},{"start":{"line":5,"column":31},"end":{"line":5,"column":70}}]}},"s":{"0":1,"1":5,"2":1,"3":4,"4":1,"5":3,"6":1,"7":2,"8":1,"9":1},"f":{"0":5},"b":{"0":[1],"1":[5,2],"2":[1],"3":[4,3],"4":[1],"5":[3,2]}}
,"C:\\Users\\basti\\OneDrive\\Bureau\\Node2\\again\\src\\functions\\lib\\fetcher.ts": {"path":"C:\\Users\\basti\\OneDrive\\Bureau\\Node2\\again\\src\\functions\\lib\\fetcher.ts","statementMap":{"0":{"start":{"line":1,"column":23},"end":{"line":9,"column":2}},"1":{"start":{"line":1,"column":44},"end":{"line":9,"column":2}},"2":{"start":{"line":2,"column":2},"end":{"line":8,"column":5}},"3":{"start":{"line":4,"column":4},"end":{"line":4,"column":22}},"4":{"start":{"line":7,"column":4},"end":{"line":7,"column":54}},"5":{"start":{"line":1,"column":13},"end":{"line":1,"column":23}},"6":{"start":{"line":11,"column":0},"end":{"line":11,"column":23}}},"fnMap":{"0":{"name":"(anonymous_7)","decl":{"start":{"line":1,"column":23},"end":{"line":1,"column":30}},"loc":{"start":{"line":1,"column":44},"end":{"line":9,"column":2}}},"1":{"name":"(anonymous_8)","decl":{"start":{"line":1,"column":44},"end":{"line":1,"column":null}},"loc":{"start":{"line":1,"column":44},"end":{"line":9,"column":1}}},"2":{"name":"(anonymous_9)","decl":{"start":{"line":3,"column":8},"end":{"line":3,"column":9}},"loc":{"start":{"line":3,"column":16},"end":{"line":5,"column":3}}},"3":{"name":"(anonymous_10)","decl":{"start":{"line":6,"column":9},"end":{"line":6,"column":12}},"loc":{"start":{"line":6,"column":14},"end":{"line":8,"column":3}}}},"branchMap":{},"s":{"0":3,"1":2,"2":2,"3":1,"4":1,"5":3,"6":3},"f":{"0":2,"1":2,"2":1,"3":1},"b":{}}
,"C:\\Users\\basti\\OneDrive\\Bureau\\Node2\\again\\src\\functions\\lib\\getMeteoInfo.ts": {"path":"C:\\Users\\basti\\OneDrive\\Bureau\\Node2\\again\\src\\functions\\lib\\getMeteoInfo.ts","statementMap":{"0":{"start":{"line":1,"column":0},"end":{"line":1,"column":32}},"1":{"start":{"line":2,"column":0},"end":{"line":2,"column":48}},"2":{"start":{"line":4,"column":28},"end":{"line":14,"column":2}},"3":{"start":{"line":4,"column":68},"end":{"line":14,"column":2}},"4":{"start":{"line":6,"column":21},"end":{"line":6,"column":98}},"5":{"start":{"line":8,"column":19},"end":{"line":8,"column":44}},"6":{"start":{"line":10,"column":26},"end":{"line":10,"column":61}},"7":{"start":{"line":11,"column":29},"end":{"line":11,"column":53}},"8":{"start":{"line":13,"column":2},"end":{"line":13,"column":33}},"9":{"start":{"line":4,"column":13},"end":{"line":4,"column":28}},"10":{"start":{"line":16,"column":0},"end":{"line":16,"column":28}}},"fnMap":{"0":{"name":"(anonymous_8)","decl":{"start":{"line":4,"column":28},"end":{"line":4,"column":34}},"loc":{"start":{"line":4,"column":68},"end":{"line":14,"column":2}}},"1":{"name":"(anonymous_9)","decl":{"start":{"line":4,"column":68},"end":{"line":4,"column":null}},"loc":{"start":{"line":4,"column":68},"end":{"line":14,"column":1}}}},"branchMap":{},"s":{"0":1,"1":1,"2":1,"3":1,"4":1,"5":0,"6":0,"7":0,"8":0,"9":1,"10":1},"f":{"0":1,"1":1},"b":{}}
,"C:\\Users\\basti\\OneDrive\\Bureau\\Node2\\again\\src\\functions\\lib\\kelvinToCelcius.ts": {"path":"C:\\Users\\basti\\OneDrive\\Bureau\\Node2\\again\\src\\functions\\lib\\kelvinToCelcius.ts","statementMap":{"0":{"start":{"line":1,"column":31},"end":{"line":3,"column":1}},"1":{"start":{"line":2,"column":2},"end":{"line":2,"column":41}},"2":{"start":{"line":1,"column":13},"end":{"line":1,"column":31}},"3":{"start":{"line":5,"column":0},"end":{"line":5,"column":31}}},"fnMap":{"0":{"name":"(anonymous_0)","decl":{"start":{"line":1,"column":31},"end":{"line":1,"column":32}},"loc":{"start":{"line":1,"column":62},"end":{"line":3,"column":1}}}},"branchMap":{},"s":{"0":3,"1":2,"2":3,"3":3},"f":{"0":2},"b":{}}
,"C:\\Users\\basti\\OneDrive\\Bureau\\Node2\\again\\src\\models\\promocodes.ts": {"path":"C:\\Users\\basti\\OneDrive\\Bureau\\Node2\\again\\src\\models\\promocodes.ts","statementMap":{"0":{"start":{"line":3,"column":36},"end":{"line":3,"column":38}},"1":{"start":{"line":5,"column":0},"end":{"line":5,"column":26}}},"fnMap":{},"branchMap":{},"s":{"0":0,"1":0},"f":{},"b":{}}
,"C:\\Users\\basti\\OneDrive\\Bureau\\Node2\\again\\src\\routes\\promoCodeRoute.ts": {"path":"C:\\Users\\basti\\OneDrive\\Bureau\\Node2\\again\\src\\routes\\promoCodeRoute.ts","statementMap":{"0":{"start":{"line":1,"column":0},"end":{"line":1,"column":33}},"1":{"start":{"line":2,"column":0},"end":{"line":2,"column":81}},"2":{"start":{"line":3,"column":0},"end":{"line":3,"column":85}},"3":{"start":{"line":5,"column":13},"end":{"line":5,"column":36}},"4":{"start":{"line":6,"column":0},"end":{"line":6,"column":54}},"5":{"start":{"line":7,"column":0},"end":{"line":7,"column":56}},"6":{"start":{"line":9,"column":0},"end":{"line":9,"column":27}}},"fnMap":{},"branchMap":{},"s":{"0":0,"1":0,"2":0,"3":0,"4":0,"5":0,"6":0},"f":{},"b":{}}
}
